braille/brailledisplay/build/intermediates/manifest_merge_blame_file/wearDebug/manifest-merger-blame-wear-debug-report.txt
1<?xml version="1.0" encoding="utf-8"?>
2<manifest xmlns:android="http://schemas.android.com/apk/res/android"
3    xmlns:tools="http://schemas.android.com/tools"
4    package="com.google.android.accessibility.braille.brailledisplay" >
5
6    <uses-sdk android:minSdkVersion="23" />
6-->src/main/AndroidManifest.xml
7
8</manifest>